4658663882
10976905988
-83275647444692903200
-7813713637
5171277065
-28855909788657389744
46134645378964095261
2719758516
1812729189
3861947212
13384111760
3185627678
8854330281620308622
5353714776
31592649374356671433
-5127907331
8680734810
71152587958714099038
-9713450518
-2488426479
3803971461
-32637333205258396547
4947679859529360856
-40755169709514888323
-15201810437014919732
-20631719275161312220
-6709623131
-17820050660
2197553410
214113556
-8511749044
-10952183190597387067
-3579528560
15948601316
-10591798774
19025930096176696722
170093610
14595250976
1562092510
-7196429134
-21849813023376691050
2909531774
3598906400
17566350734518959635
-149616214535098170
-5642923521
-58358804437403422012
-5086786440
14750246739
-85817954265048505656
10922479523869218546
-1854250654
4149224234
-18191938634
-2129532515
3600515290
-15279627586
-3460036319
-543932762
7546288981
9882878035
4154916295
43850017844395170930
-1293188742
-4858899061
-8690623862539676364
5823923427337638640
1173520368
53756761525340602365
572788465955578710
2374188900
-10061751061
6259364779
1489298688
34661682938855545680
11635688264
-434448345
-8270573521
-8786922719
4786558396
5246592778
6438087205
-14307465678
5478198657
-3927561570
-6144689292
-5144325807
-25667381218448240202
-9160579393
