-355253227
-956183768
Infinito
-795013007
47818062
-527981118
-911586365
Infinito
Infinito
Infinito
-373291874
799609420
106409040
Infinito
Infinito
Infinito
-472090762
553580424
Infinito
-339506591
280136261
Infinito
Infinito
-498532914
Infinito
Infinito
Infinito
904973552
172695135
-402994225
Infinito
-288137303
Infinito
-297392203
-924620727
Infinito
Infinito
Infinito
Infinito
-77647748
Infinito
782785301
-149713562
Infinito
342802263
446115299
158042862
785296369
Infinito
-947382663
131111612
-89325217
614150739
Infinito
Infinito
-182198265
Infinito
Infinito
Infinito
-17934342
-135916502
-795104908
260196121
Infinito
Infinito
Infinito
Infinito
716843400
-259103192
-644512951
Infinito
Infinito
Infinito
Infinito
Infinito
-631126856
-75718673
659291160
-111033833
-603103880
478266719
Infinito
Infinito
Infinito
-165535288
-607753028
881227693
-188948195
Infinito
469360391
399644132
-834502543
-198240849
Infinito
667517953
Infinito
-191698167
Infinito
215133089
Infinito
477218860
-423389777
Infinito
Infinito
Infinito
Infinito
Infinito
Infinito
Infinito
45964548
Infinito
Infinito
233106367
754687504
874322981
Infinito
-834422860
987014312
488995679
-33814489
Infinito
50545402
Infinito
925791310
80199409
Infinito
Infinito
Infinito
201089054
-24789809
-197514559
73054670
Infinito
-605177742
-901334854
463530007
-860137569
-347683814
410499866
530568816
-317192547
-416051077
Infinito
Infinito
388045882
Infinito
Infinito
-551223466
-305033554
829859417
Infinito
-252298460
674265672
625229977
Infinito
11152517
Infinito
Infinito
Infinito
-598890613
292421043
-331270158
Infinito
81776273
-87235420
766404227
Infinito
Infinito
658096529
Infinito
Infinito
Infinito
Infinito
-943884915
Infinito
Infinito
Infinito
-549097680
Infinito
-330342817
583625719
Infinito
Infinito
184855617
Infinito
-998359646
-491431961
257357657
Infinito
-523500256
-124307881
Infinito
Infinito
Infinito
148697620
448359625
568795980
220846624
-852561734
Infinito
Infinito
-683292721
733920876
Infinito
-79005249
Infinito
Infinito
-577839872
Infinito
Infinito
Infinito
Infinito
-672574389
Infinito
223793819
Infinito
Infinito
992070979
-161333843
757587618
-679135881
-563713403
Infinito
407757499
Infinito
Infinito
Infinito
Infinito
Infinito
Infinito
744075406
-281542327
288693767
Infinito
Infinito
Infinito
Infinito
Infinito
Infinito
Infinito
164097682
Infinito
41555844
Infinito
-86934028
Infinito
446891692
609830143
-999239532
403629536
Infinito
8039142
254381387
Infinito
-558178446
Infinito
893759911
Infinito
212454096
878206543
-669677700
Infinito
Infinito
Infinito
Infinito
331973895
Infinito
181331389
331471934
Infinito
Infinito
-116522627
-147610627
-215286730
Infinito
743017
Infinito
Infinito
-923541930
-482634244
Infinito
Infinito
-231899358
Infinito
Infinito
-933290638
Infinito
Infinito
-99657516
622503866
190786145
-621177572
170814935
Infinito
993729417
Infinito
Infinito
-237056895
16007376
-301368504
-162823759
Infinito
-143273678
443995642
Infinito
149721049
Infinito
-208375335
Infinito
496698552
-448506627
Infinito
Infinito
-862243839
Infinito
Infinito
Infinito
Infinito
157376562
Infinito
Infinito
Infinito
919526096
-545280908
-22383783
-323232301
Infinito
Infinito
967624434
-659489531
-712876166
674582901
-855039201
Infinito
Infinito
578213648
-104011955
Infinito
-41741352
Infinito
-151843592
182755069
200563016
Infinito
Infinito
93926379
Infinito
-475981428
-399762409
Infinito
-211888742
-621478659
Infinito
Infinito
Infinito
Infinito
539221417
219531506
-521917073
Infinito
230968315
679334203
318451007
-115528104
-212152985
-610375691
-951431684
158972797
Infinito
Infinito
Infinito
Infinito
-351853201
-412513991
Infinito
Infinito
Infinito
Infinito
Infinito
Infinito
Infinito
Infinito
Infinito
Infinito
Infinito
Infinito
Infinito
Infinito
-236796521
Infinito
Infinito
Infinito
Infinito
-864786337
Infinito
315400170
Infinito
-237271833
-503873877
93724875
Infinito
-800668774
Infinito
-670566150
Infinito
Infinito
Infinito
Infinito
-98516477
Infinito
54542722
Infinito
564247546
Infinito
Infinito
-933631410
-900356115
973009696
Infinito
507836342
Infinito
-72154855
Infinito
Infinito
Infinito
-281201249
-486553973
-722923348
Infinito
Infinito
Infinito
Infinito
Infinito
Infinito
-543296707
Infinito
Infinito
Infinito
-184121880
637226890
Infinito
883519901
Infinito
-858108160
-961317826
-652752288
Infinito
167158508
-650768813
Infinito
Infinito
Infinito
-749099282
633225984
Infinito
Infinito
Infinito
547694679
-269673899
369272657
Infinito
Infinito
265956581
-197161998
Infinito
224752279
Infinito
Infinito
Infinito
Infinito
Infinito
486309207
Infinito
Infinito
Infinito
299786454
442277144
Infinito
-230490570
-398871909
Infinito
Infinito
Infinito
190662253
Infinito
-119222011
92595628
-388128185
-895102394
Infinito
694546243
Infinito
865463915
Infinito
166891846
260737308
-505124880
Infinito
Infinito
-206223751
Infinito
Infinito
Infinito
-689079876
-206282464
Infinito
Infinito
306886991
Infinito
-313225328
Infinito
-677041223
722038792
Infinito
Infinito
-885322707
Infinito
192666107
Infinito
81424957
Infinito
Infinito
191494296
Infinito
Infinito
Infinito
Infinito
-804104244
Infinito
761305781
Infinito
Infinito
529146983
Infinito
Infinito
358711801
-124022749
-671336202
Infinito
Infinito
315802720
Infinito
-203665400
-600789407
Infinito
Infinito
Infinito
Infinito
Infinito
608582913
126836152
Infinito
Infinito
Infinito
Infinito
59517225
Infinito
-35125075
Infinito
Infinito
Infinito
Infinito
-287774859
149806882
Infinito
705290606
Infinito
-98595933
689003739
Infinito
961190021
892704206
132948480
-401885334
-290431630
-245539344
-618394487
-350325005
815457572
242207397
-480772329
-682683211
-279917158
Infinito
Infinito
-406377587
Infinito
-963438023
-69365604
-246507681
Infinito
-55983247
-160195214
236644846
Infinito
-401888766
Infinito
-403987861
-163359429
Infinito
Infinito
Infinito
846151293
553942034
Infinito
-573712377
Infinito
259175494
256040651
Infinito
Infinito
Infinito
Infinito
Infinito
-236899082
360798741
Infinito
-285902915
-252841339
Infinito
-105473430
681849994
-801412025
-572245034
Infinito
451644921
538095301
897714045
-267903938
213387708
Infinito
Infinito
Infinito
Infinito
196408246
Infinito
-149059004
Infinito
Infinito
Infinito
-457415173
199346441
451744224
Infinito
958371603
Infinito
Infinito
-951447880
Infinito
Infinito
Infinito
Infinito
-365201876
Infinito
Infinito
543002330
Infinito
-270788028
Infinito
Infinito
Infinito
Infinito
Infinito
270215174
277447404
Infinito
179550787
-169794834
-243522340
Infinito
Infinito
Infinito
54502839
-824894311
Infinito
Infinito
Infinito
202502634
-475695001
425138829
Infinito
Infinito
Infinito
41331489
Infinito
-374958384
Infinito
-435562305
-743825182
Infinito
Infinito
-969584799
Infinito
Infinito
60168747
46666612
516892301
Infinito
Infinito
612168313
708376607
-616501578
99155657
-714546638
Infinito
Infinito
Infinito
885239302
17778582
Infinito
20848258
-338709709
Infinito
184434626
-439469321
-488731873
Infinito
Infinito
-537789567
Infinito
Infinito
Infinito
Infinito
-254158704
392992894
Infinito
873346056
-503090854
153825496
Infinito
281212785
-235869180
Infinito
Infinito
Infinito
-362572593
Infinito
Infinito
407285978
-150294100
377411274
-843693527
Infinito
413875587
-142473299
Infinito
Infinito
-142124111
Infinito
Infinito
-271220268
523161345
Infinito
387463236
Infinito
-629188686
Infinito
Infinito
329367955
Infinito
Infinito
Infinito
Infinito
Infinito
Infinito
-533741808
-778211362
-737187613
Infinito
106143580
Infinito
Infinito
Infinito
Infinito
Infinito
Infinito
Infinito
Infinito
-666410935
Infinito
905994609
Infinito
113202818
Infinito
Infinito
Infinito
Infinito
Infinito
-550524411
Infinito
348752003
Infinito
Infinito
16553050
-223257889
-929070150
Infinito
-902284743
677218629
Infinito
153684771
831113759
-30009083
435703744
-889178729
Infinito
Infinito
Infinito
Infinito
Infinito
Infinito
Infinito
Infinito
750041857
-676984208
Infinito
-500137300
-382546215
Infinito
-296172210
Infinito
235217293
Infinito
Infinito
Infinito
Infinito
123797121
Infinito
-124237857
Infinito
434608106
-765378261
Infinito
Infinito
Infinito
Infinito
392548331
Infinito
Infinito
810287039
670097225
-297299042
Infinito
-386768562
Infinito
Infinito
566371958
Infinito
-484784025
123453926
-776388601
-774040292
-527566473
Infinito
-668743244
Infinito
-141015677
838120642
740852649
-25139841
-818251315
448014203
-416517841
164934037
-251133458
-245666754
-497027515
984657364
-959774113
Infinito
Infinito
479289189
-28040553
Infinito
669153043
897566330
-566752540
374148615
102523376
-637645144
878924941
Infinito
Infinito
Infinito
Infinito
-332977498
Infinito
612401956
Infinito
-521584827
Infinito
Infinito
Infinito
Infinito
272494766
Infinito
Infinito
Infinito
147584819
-484099708
Infinito
Infinito
Infinito
Infinito
Infinito
-128949786
Infinito
Infinito
-284210470
-670711053
-401644171
882073591
Infinito
120631320
Infinito
Infinito
Infinito
261137141
Infinito
-839224276
-294889246
-750038987
Infinito
Infinito
22110248
-798737525
Infinito
Infinito
625019138
847516152
Infinito
Infinito
Infinito
Infinito
-907558366
170031790
-150621759
Infinito
89041159
Infinito
Infinito
-449560193
-962855764
369399250
-284023259
Infinito
-713637007
-904956227
Infinito
-341434561
Infinito
Infinito
160462171
430008054
Infinito
-967014110
Infinito
-225149666
-358629640
513728209
Infinito
731495988
-185368438
381851414
-48292885
-846824763
548959114
301741306
Infinito
-621968397
780689310
-50428771
Infinito
-758619911
545417866
Infinito
Infinito
-375194252
Infinito
102193295
-866825939
Infinito
Infinito
-514306945
Infinito
Infinito
Infinito
-966372525
366871832
Infinito
-105616611
Infinito
694551903
997728253
Infinito
Infinito
Infinito
Infinito
Infinito
7894264
Infinito
124669351
Infinito
175021481
Infinito
502968454
-975481247
-452144604
Infinito
Infinito
-29670227
-126599610
Infinito
735996582
-509862318
-280165200
Infinito
Infinito
59625808
Infinito
Infinito
Infinito
132425866
177454644
Infinito
-661607607
-640193700
Infinito
Infinito
-497178419
879776056
-307546682
Infinito
-208479976
-316274145
Infinito
831846797
-126902273
Infinito
Infinito
Infinito
Infinito
-3925455
Infinito
833105715
-400031714
Infinito
359845319
Infinito
Infinito
30098730
Infinito
Infinito
892799
-180801956
-820269737
Infinito
Infinito
Infinito
674973132
Infinito
Infinito
Infinito
Infinito
170313813
Infinito
Infinito
-882795499
Infinito
-371208117
245517409
-627679683
-180012507
Infinito
Infinito
-277374427
Infinito
-426291271
951140533
-210570098
Infinito
-831958014
Infinito
Infinito
384945297
Infinito
Infinito
Infinito
Infinito
Infinito
255700292
-473856364
592391640
Infinito
Infinito
574454291
608782472
186536167
438221882
Infinito
Infinito
Infinito
Infinito
315878690
930471666
245490215
Infinito
922878579
885308212
Infinito
857913035
Infinito
382514249
7311571
Infinito
-965190724
-62228035
884642634
916265386
873858220
-715814359
Infinito
-148040635
-450220717
Infinito
772385188
-722599184
-537116678
Infinito
-4358670
431970021
Infinito
234805702
Infinito
715242624
Infinito
Infinito
62393053
-867177917
Infinito
-438486986
110321898
Infinito
-74541570
184402306
Infinito
496059174
Infinito
-487442078
Infinito
-85201042
Infinito
-181984493
-909226370
Infinito
679466648
Infinito
-184166238
Infinito
189857942
-119183718
Infinito
Infinito
-64143130
Infinito
Infinito
Infinito
Infinito
Infinito
710734957
Infinito
Infinito
-280138264
268050793
Infinito
Infinito
-160773066
607499663
-742272839
-182221710
-232592842
365216357
Infinito
Infinito
Infinito
Infinito
Infinito
Infinito
Infinito
885100039
-206999884
-353006935
Infinito
Infinito
-39237740
-92258791
619911159
-750473526
97857405
Infinito
Infinito
-207677140
Infinito
204366484
12508979
Infinito
-436868845
-2751250
Infinito
Infinito
Infinito
Infinito
-681759024
29477987
73041206
523380816
-238809550
462844360
560207229
Infinito
-188365184
Infinito
Infinito
-81915331
Infinito
820483672
959661427
-908442164
Infinito
-89796720
-182565271
Infinito
Infinito
-465714424
952690969
112027875
435498668
424558227
Infinito
-2404681
Infinito
Infinito
-604361631
191006539
-351932905
-481470176
Infinito
5934298
-623808871
Infinito
-22260657
-903661669
919414046
659530260
Infinito
Infinito
Infinito
Infinito
Infinito
Infinito
323478107
-18750605
46065701
-34597224
831334134
-366557708
Infinito
-234820103
Infinito
837744670
Infinito
-110105656
Infinito
852720173
Infinito
Infinito
Infinito
Infinito
50765305
Infinito
Infinito
-279866959
369345336
Infinito
Infinito
-35300667
-793210473
Infinito
Infinito
-522545197
-246504842
Infinito
Infinito
-127259640
Infinito
Infinito
191750633
Infinito
Infinito
Infinito
-245166627
Infinito
Infinito
-519630105
Infinito
-526443375
Infinito
Infinito
Infinito
185668462
882946635
786004842
298432555
Infinito
-456592502
Infinito
22005030
Infinito
626508988
Infinito
Infinito
135295183
Infinito
-745578752
Infinito
Infinito
125295526
Infinito
Infinito
Infinito
-91536500
Infinito
Infinito
Infinito
Infinito
-355961256
368293116
Infinito
-994061894
-117039500
Infinito
Infinito
998969361
Infinito
Infinito
Infinito
-93195308
Infinito
Infinito
Infinito
-425401267
365996698
Infinito
Infinito
Infinito
535366771
Infinito
-826203538
-855214864
-843560330
Infinito
Infinito
Infinito
-105550933
Infinito
-402508334
Infinito
785791977
Infinito
Infinito
-58649040
Infinito
Infinito
Infinito
-309503067
52409924
Infinito
-839066728
Infinito
Infinito
523480154
Infinito
-969051892
554812866
-690410499
-448140899
Infinito
752593081
Infinito
Infinito
-322676066
Infinito
-402241080
Infinito
-322413823
575494840
Infinito
-801661191
687437765
Infinito
557872984
-421044497
Infinito
Infinito
255227723
Infinito
-889283346
446579001
-845454171
-31437024
Infinito
Infinito
Infinito
Infinito
Infinito
739709056
540184022
Infinito
Infinito
7426689
-60834716
Infinito
Infinito
505986697
Infinito
-950741562
349547467
-806251890
Infinito
Infinito
Infinito
-156837074
Infinito
Infinito
Infinito
114035817
-73771392
723673363
Infinito
-819113961
-390627624
Infinito
Infinito
Infinito
Infinito
Infinito
-378220764
Infinito
Infinito
175467748
Infinito
-737616706
Infinito
Infinito
Infinito
893470796
460713658
Infinito
-245421078
Infinito
Infinito
36214617
Infinito
118180613
-443492179
Infinito
645733439
Infinito
Infinito
-659593844
Infinito
712934147
646218371
Infinito
-376361251
Infinito
Infinito
Infinito
Infinito
Infinito
-830947054
Infinito
Infinito
-154420257
207902841
Infinito
477469348
-576575111
Infinito
-244636724
Infinito
221709638
Infinito
149749025
703332778
Infinito
Infinito
-947368405
89841855
Infinito
-791649648
Infinito
Infinito
Infinito
Infinito
Infinito
-951118136
Infinito
-597828470
Infinito
-756120758
Infinito
Infinito
Infinito
-651180036
398535056
-609747765
20927307
Infinito
Infinito
Infinito
672153037
388515772
Infinito
978047741
-44312425
-92721640
Infinito
Infinito
Infinito
676013378
Infinito
335095393
761744175
321091463
234966863
365558857
Infinito
146418323
334863215
Infinito
Infinito
988656607
-889990774
Infinito
649082885
Infinito
383805672
674506759
Infinito
Infinito
Infinito
275359852
Infinito
213910769
642114212
-248812249
-849747703
Infinito
Infinito
Infinito
Infinito
22739490
Infinito
863866378
933665091
-127527434
Infinito
Infinito
Infinito
Infinito
676213855
Infinito
-620967895
-596064408
361605440
-190377774
359898773
Infinito
-291610351
Infinito
Infinito
826726228
-117469174
Infinito
Infinito
-272546950
Infinito
638438315
856355307
Infinito
-217678026
-345736381
Infinito
-651594034
Infinito
Infinito
-845720967
Infinito
-222337356
-854837676
416955792
Infinito
673850298
Infinito
-821332262
-180354053
-363087883
507879077
Infinito
Infinito
Infinito
Infinito
886563784
Infinito
-239335423
408531921
Infinito
-291361613
-198601150
-523085585
-93728606
-987457335
Infinito
-245849806
Infinito
-654590045
Infinito
850010237
Infinito
-734373832
Infinito
583222449
Infinito
346069857
154535471
Infinito
861359679
-997111511
Infinito
Infinito
Infinito
239741792
Infinito
Infinito
Infinito
-36857574
-605005700
Infinito
-283025240
810681568
Infinito
-614761976
Infinito
149675753
396205393
-738208495
-479519258
183993330
-252565578
Infinito
-729034599
-405275112
Infinito
Infinito
Infinito
Infinito
182361004
Infinito
-407421430
-445530751
231648868
Infinito
-571004622
374403590
459721017
Infinito
611350508
Infinito
-419908309
Infinito
Infinito
Infinito
Infinito
-20732187
Infinito
-921572189
248438494
Infinito
Infinito
Infinito
-824514000
Infinito
-371356601
510142190
Infinito
Infinito
Infinito
-215250359
-525928291
-986050690
Infinito
Infinito
18810361
Infinito
Infinito
Infinito
-407486286
Infinito
-362988906
Infinito
225646132
Infinito
Infinito
104119067
Infinito
473190971
Infinito
Infinito
Infinito
Infinito
Infinito
Infinito
Infinito
Infinito
-572874052
Infinito
Infinito
Infinito
Infinito
-693023741
-163258028
519940683
Infinito
Infinito
149530282
386761362
450640805
Infinito
-173458523
Infinito
402947456
Infinito
Infinito
Infinito
356244877
-966492529
Infinito
4318531
-724533133
Infinito
Infinito
Infinito
-171922053
Infinito
Infinito
Infinito
Infinito
-409281955
-58846290
Infinito
Infinito
Infinito
Infinito
-280378818
759638163
41520984
-794248219
-800010740
Infinito
Infinito
968183020
Infinito
Infinito
501552284
38942112
-431447572
Infinito
267741520
937228438
259233430
Infinito
469286284
-225318697
Infinito
218622672
515156090
Infinito
-69676030
Infinito
Infinito
-887242114
Infinito
Infinito
-723275352
Infinito
-954852861
Infinito
Infinito
116855690
Infinito
Infinito
Infinito
Infinito
170986104
-414604119
204689500
560924859
Infinito
732592132
Infinito
-819880574
Infinito
533951033
Infinito
Infinito
911915917
587488315
-874882332
356552698
-52558265
-572128013
536151776
382997168
-872975182
Infinito
402179339
9150454
981684545
Infinito
Infinito
Infinito
Infinito
-974068007
981063350
182959977
Infinito
Infinito
Infinito
Infinito
Infinito
Infinito
Infinito
Infinito
Infinito
Infinito
Infinito
944588533
122593306
Infinito
-277035738
329931849
-469748983
Infinito
-136800304
-244259578
Infinito
Infinito
Infinito
Infinito
Infinito
Infinito
Infinito
Infinito
Infinito
482664791
Infinito
261749235
Infinito
Infinito
Infinito
374435306
Infinito
Infinito
311535317
Infinito
804964368
-728557831
Infinito
Infinito
114204578
Infinito
Infinito
Infinito
-626893560
-337327334
Infinito
Infinito
Infinito
-83711529
-688926098
-951319095
Infinito
Infinito
Infinito
Infinito
Infinito
-841764879
950394991
926475507
220137937
Infinito
-571783748
-101503664
Infinito
-908408573
Infinito
256059476
Infinito
829155104
Infinito
-424968551
-425707941
169503388
Infinito
-658926676
-647735391
154810500
536344995
-188509545
Infinito
Infinito
Infinito
Infinito
-631653082
Infinito
-116933309
328000720
Infinito
440707143
218590594
Infinito
Infinito
-851895903
Infinito
-196107837
137958484
-108545051
Infinito
285530913
-357708536
Infinito
-788971853
Infinito
Infinito
Infinito
Infinito
503307421
590883668
Infinito
Infinito
-767906880
Infinito
Infinito
-331112094
-81737464
-452559784
Infinito
964210646
423087545
-372487767
-984136645
Infinito
Infinito
Infinito
Infinito
Infinito
329119211
-513420701
Infinito
Infinito
Infinito
-37761747
130104974
584008049
Infinito
580406165
Infinito
-262676906
508667310
Infinito
Infinito
Infinito
Infinito
-711862944
-139937092
Infinito
607628017
20097791
-512119570
Infinito
212823127
Infinito
Infinito
Infinito
-701398436
Infinito
Infinito
-400769799
Infinito
-211860551
678443573
-229139175
Infinito
-831266130
-894717287
Infinito
-968321838
860754463
Infinito
-850802540
-34521329
-884754454
552753399
Infinito
-260764603
-891568620
961794209
-770465198
Infinito
Infinito
57067163
Infinito
Infinito
-322816071
Infinito
Infinito
-329764155
766849363
-14273284
-616053894
Infinito
-393490393
203259084
907544111
Infinito
-633321151
Infinito
Infinito
Infinito
-157985861
-417236007
Infinito
871600833
Infinito
Infinito
266762823
Infinito
-465566979
Infinito
-427090039
Infinito
-320610460
Infinito
Infinito
-16289835
801812209
Infinito
-611895607
Infinito
6867449
Infinito
-500213154
-319379572
-544458405
Infinito
458981521
Infinito
Infinito
Infinito
Infinito
-382195966
528458393
-597423590
829921499
Infinito
783914652
Infinito
Infinito
31066420
Infinito
Infinito
Infinito
-685654345
Infinito
Infinito
Infinito
936637163
Infinito
-599801189
Infinito
-806418736
823913349
-155798212
92570808
Infinito
Infinito
Infinito
Infinito
Infinito
294135197
Infinito
Infinito
150363587
Infinito
Infinito
Infinito
-656895432
Infinito
Infinito
836393084
253397728
Infinito
-705798403
Infinito
583247213
Infinito
Infinito
-301468627
Infinito
-753756774
850010827
Infinito
Infinito
Infinito
Infinito
-821763608
Infinito
Infinito
Infinito
236190306
Infinito
987286451
695819708
Infinito
Infinito
Infinito
49468842
290274460
806463368
759101787
Infinito
-344932407
Infinito
-758651000
Infinito
Infinito
Infinito
Infinito
Infinito
Infinito
960774990
947196020
-298803941
192945385
-622421019
-956970940
-480682025
Infinito
735036749
Infinito
Infinito
Infinito
579681905
Infinito
880063575
Infinito
321392812
-358217226
-507598309
-455497087
Infinito
-962595066
403989932
Infinito
-347240293
Infinito
275500317
597291719
-360073345
-36871925
Infinito
Infinito
Infinito
Infinito
Infinito
-845514029
815550662
844699348
Infinito
Infinito
Infinito
-598252758
329605454
Infinito
837098325
-170446622
337738408
111010323
Infinito
-401211281
-41036209
Infinito
Infinito
-566099791
Infinito
Infinito
-91800596
Infinito
-520937538
569639273
-41868279
19523377
496265961
-706672110
265463844
901654664
Infinito
Infinito
124558890
349411337
Infinito
-240252362
Infinito
-133868482
Infinito
229819615
-894757858
Infinito
Infinito
-210998269
-278013871
194202614
61779324
-343096520
418767465
221313458
Infinito
Infinito
-518965384
Infinito
Infinito
Infinito
Infinito
472510051
Infinito
139398706
Infinito
-330443433
706701777
-228681106
Infinito
Infinito
Infinito
Infinito
Infinito
-625405809
Infinito
Infinito
-771013643
Infinito
363957114
Infinito
584380216
Infinito
Infinito
Infinito
824810930
-724671670
-60767139
Infinito
Infinito
693133093
Infinito
327848361
738924678
75070108
Infinito
Infinito
-80228546
Infinito
Infinito
-240628226
Infinito
-626627025
Infinito
Infinito
Infinito
Infinito
Infinito
321862621
Infinito
Infinito
294828211
-155648528
-992317453
Infinito
Infinito
891006548
-297939258
-463707469
Infinito
-46642779
-118708516
Infinito
Infinito
Infinito
Infinito
-407309218
Infinito
301259261
-574365225
879143697
Infinito
-464726784
-477687382
Infinito
450400569
Infinito
Infinito
-559805175
Infinito
-542361875
142655054
Infinito
Infinito
Infinito
-609603439
61072085
Infinito
-19157573
-384109976
-690669409
-175277863
Infinito
62231742
Infinito
-799359028
Infinito
-408248878
-408962882
578805081
317531563
-765097456
Infinito
-481004711
Infinito
-160322184
-571938092
729542262
-90006681
Infinito
Infinito
884695719
Infinito
Infinito
Infinito
429498954
261873889
500347640
Infinito
-983935524
Infinito
Infinito
517874486
Infinito
-63783461
Infinito
Infinito
-164161885
-814617100
Infinito
-539071501
Infinito
Infinito
7016771
Infinito
-97798834
Infinito
-38406547
Infinito
201181016
324216511
Infinito
263522105
-53737661
242505008
Infinito
Infinito
427918147
Infinito
761840172
Infinito
Infinito
-601117196
972792377
Infinito
Infinito
504497698
Infinito
Infinito
Infinito
Infinito
Infinito
242879356
Infinito
808535364
-17685647
196595617
372508606
Infinito
Infinito
Infinito
Infinito
-446000376
477424742
Infinito
Infinito
Infinito
204061653
Infinito
-48007342
Infinito
Infinito
Infinito
-218074856
689606361
Infinito
397167076
Infinito
Infinito
850847745
242007139
482673588
479896587
Infinito
Infinito
-593008526
-179403776
Infinito
-282210613
-132921366
-235102689
Infinito
Infinito
Infinito
Infinito
Infinito
Infinito
Infinito
Infinito
258027426
614100978
Infinito
Infinito
-183799897
Infinito
201294796
-430320131
Infinito
Infinito
Infinito
253056628
Infinito
Infinito
348379272
-511141723
-572324224
Infinito
Infinito
Infinito
849278632
31918810
Infinito
972141101
Infinito
-487856025
-220366181
Infinito
-517234440
655138350
Infinito
Infinito
592174893
Infinito
Infinito
186827793
186678945
Infinito
Infinito
Infinito
Infinito
Infinito
Infinito
-353307938
Infinito
Infinito
466711177
-340173940
Infinito
-532158291
74683532
430229614
Infinito
Infinito
Infinito
Infinito
Infinito
Infinito
510187351
Infinito
781231088
-846092447
-486712595
115468588
Infinito
956660103
-65781694
-961059759
Infinito
Infinito
-445599531
Infinito
Infinito
-475413375
105444749
Infinito
Infinito
-269478090
Infinito
-727076338
-262517462
Infinito
778709354
Infinito
Infinito
-276663191
-426820321
-721324860
734501422
Infinito
-279565765
Infinito
216925616
-660114365
-655641536
-294835195
-94601570
Infinito
Infinito
-129648925
Infinito
-160279115
Infinito
Infinito
907770447
-53792591
487149707
Infinito
-58520829
-154336820
635735690
537830795
Infinito
Infinito
Infinito
Infinito
460512570
Infinito
Infinito
Infinito
Infinito
Infinito
Infinito
Infinito
921894452
Infinito
-109262630
-356661186
594810
Infinito
384183794
Infinito
Infinito
-253729551
Infinito
Infinito
Infinito
Infinito
400526630
Infinito
Infinito
553079940
-271510054
111531622
Infinito
Infinito
-775373228
Infinito
Infinito
-89711608
Infinito
-508102213
-772563998
-616442043
-517200303
333906752
Infinito
-791762277
Infinito
Infinito
-749631017
-232690057
493102036
-168199944
416526770
Infinito
Infinito
106557560
-450368600
Infinito
Infinito
Infinito
Infinito
-80241924
685780060
554065267
Infinito
Infinito
Infinito
Infinito
Infinito
482259831
-344958191
-889492233
-70140742
252471620
528308294
Infinito
Infinito
220069028
Infinito
Infinito
481952018
772751927
-656031694
Infinito
Infinito
-860071715
Infinito
-144566256
552779625
Infinito
Infinito
Infinito
Infinito
105440311
Infinito
Infinito
Infinito
672199451
Infinito
Infinito
-736645083
Infinito
Infinito
-517799812
Infinito
Infinito
91622009
-542775048
Infinito
Infinito
Infinito
Infinito
Infinito
Infinito
Infinito
Infinito
Infinito
Infinito
Infinito
-886874600
-91908728
-898646387
-27872960
Infinito
Infinito
-135083171
404210910
Infinito
37073672
Infinito
-585011732
-55152044
Infinito
713302442
Infinito
Infinito
Infinito
Infinito
-935781224
Infinito
Infinito
-36269323
Infinito
971828687
Infinito
Infinito
-570403292
449237837
Infinito
510841436
90559031
-57564770
167959177
278396048
Infinito
Infinito
-72377511
Infinito
-301700834
-588016161
Infinito
125431617
-432270604
Infinito
-123646833
-657547793
101520650
Infinito
Infinito
Infinito
-418893141
Infinito
-705044329
-788244246
823138892
Infinito
306443721
-538969792
Infinito
Infinito
Infinito
Infinito
Infinito
-911924635
Infinito
Infinito
-353296336
746169758
Infinito
88745143
Infinito
Infinito
-617841758
-513474083
Infinito
Infinito
-419035214
-407930981
Infinito
463594062
Infinito
87754138
-782464423
732199671
Infinito
Infinito
Infinito
Infinito
Infinito
Infinito
978662980
Infinito
-910720876
Infinito
661243885
Infinito
Infinito
Infinito
Infinito
Infinito
Infinito
Infinito
62450564
-261327108
Infinito
Infinito
-931258423
Infinito
-178358534
Infinito
Infinito
Infinito
Infinito
Infinito
Infinito
-286791539
Infinito
Infinito
-839186309
436848367
-203044302
-169195427
Infinito
Infinito
385379691
Infinito
Infinito
Infinito
Infinito
Infinito
Infinito
-191460835
Infinito
290149600
671728527
873281689
-300898674
Infinito
43542885
Infinito
Infinito
-901834868
-820023191
496060493
Infinito
908451484
979296821
-69345739
152380643
Infinito
422313804
-923642137
Infinito
-92531220
Infinito
Infinito
-457848063
-267175324
-40639791
Infinito
-32497981
-746754907
-508129221
Infinito
Infinito
159259262
Infinito
Infinito
Infinito
Infinito
Infinito
549126715
-69256774
Infinito
Infinito
209682256
368319697
931728813
683087843
-915288502
452511313
555966597
Infinito
Infinito
Infinito
-396477075
-384145840
-313805517
51407227
Infinito
-277976197
-464395905
Infinito
354656616
Infinito
Infinito
789173717
-797287602
-238742144
Infinito
Infinito
-552388117
Infinito
696776483
-574988997
367041907
-422225428
533308908
266861957
-345374895
Infinito
504121769
Infinito
Infinito
379165781
534714925
865776700
Infinito
-309102582
Infinito
509454497
58422106
-112845518
61497114
Infinito
331548317
302434558
-540105485
975638532
Infinito
111856163
396502643
Infinito
-522479236
Infinito
427294889
Infinito
373027417
Infinito
-600635679
15415772
Infinito
-867314679
Infinito
Infinito
Infinito
628605712
Infinito
396489767
Infinito
Infinito
-25406671
-473593345
-911504829
-237420114
Infinito
Infinito
-275387942
Infinito
Infinito
Infinito
Infinito
-34247642
-162411002
-626964692
Infinito
28604507
Infinito
415015220
10030912
988421042
Infinito
Infinito
157194082
-148234175
-639285196
156005725
Infinito
Infinito
Infinito
Infinito
176338522
Infinito
249947899
Infinito
283191169
-242537850
Infinito
Infinito
Infinito
-972380566
Infinito
270149348
-670885614
-187522376
567176454
778378167
Infinito
-729316713
Infinito
Infinito
304521127
Infinito
-266447671
-67511016
Infinito
528444428
395617294
-254608305
316700135
-557259886
Infinito
Infinito
317843477
Infinito
-793908115
710103313
-766727685
290975937
Infinito
Infinito
Infinito
Infinito
Infinito
Infinito
339664554
-245122171
Infinito
117299002
Infinito
-53840170
159224838
-601214271
Infinito
Infinito
-281671903
Infinito
332408669
257458021
Infinito
-24215294
-555061133
Infinito
Infinito
Infinito
461868366
134484883
Infinito
Infinito
Infinito
-879170894
-508217400
Infinito
-369840341
737405977
Infinito
-81596749
Infinito
Infinito
Infinito
-382074273
264428113
321531875
Infinito
Infinito
-161191453
Infinito
-200673484
446385232
-239123713
Infinito
Infinito
Infinito
-582146157
-21462400
-613492924
-506650161
Infinito
Infinito
Infinito
40907014
-67100445
971155590
-257428109
Infinito
Infinito
Infinito
Infinito
567423614
Infinito
Infinito
821067834
-446455354
325846124
134120442
-173433187
Infinito
Infinito
Infinito
Infinito
-236492454
Infinito
Infinito
963402035
Infinito
Infinito
Infinito
Infinito
Infinito
Infinito
Infinito
Infinito
59635245
Infinito
-384677807
-100414732
Infinito
-483568021
-514026128
57153605
-379595895
Infinito
Infinito
Infinito
Infinito
Infinito
605263303
-593061030
Infinito
-189999140
-179765791
-30634984
Infinito
Infinito
354320330
-448518832
126755152
20718556
678870285
-815575266
542834633
Infinito
Infinito
923215931
Infinito
-440450775
Infinito
Infinito
-117051566
-526852953
-917549634
-229541826
Infinito
Infinito
Infinito
-44137586
-418853962
-152087769
Infinito
-515431206
Infinito
Infinito
Infinito
Infinito
Infinito
992141422
-659171167
Infinito
954737017
Infinito
12000743
861432237
Infinito
-338215195
Infinito
Infinito
Infinito
Infinito
Infinito
388732660
-577598282
Infinito
107251951
-337127190
Infinito
Infinito
497090095
Infinito
164248125
Infinito
-733165171
Infinito
-681642745
16458276
754664035
45390593
Infinito
675643610
-668968630
Infinito
-141713382
-221334419
872139891
Infinito
854787406
Infinito
Infinito
Infinito
Infinito
Infinito
Infinito
283626824
Infinito
-642634803
Infinito
65486822
-117645902
Infinito
829532410
85730018
201552297
630332779
-739018503
-614670584
-914702896
Infinito
Infinito
-141860219
Infinito
Infinito
595669015
-109345700
Infinito
701525148
Infinito
Infinito
Infinito
Infinito
696027099
102637115
469584108
10912253
Infinito
115951487
253784062
824712902
-437233615
Infinito
Infinito
Infinito
Infinito
-62372097
Infinito
-797435378
215100761
Infinito
-945531341
75804821
179405170
-653195128
Infinito
Infinito
Infinito
Infinito
205998196
Infinito
624569674
485977391
Infinito
Infinito
Infinito
Infinito
10550798
Infinito
-549877283
Infinito
Infinito
Infinito
Infinito
Infinito
Infinito
Infinito
370532280
524845227
80985449
Infinito
619257764
Infinito
Infinito
-305857206
395173602
Infinito
Infinito
Infinito
Infinito
Infinito
748623085
-673805677
-813132904
874858625
Infinito
-753100392
Infinito
-594188418
-135108749
-204755300
179741686
Infinito
Infinito
8934170
515926850
-199701945
Infinito
Infinito
-892282048
Infinito
-174384543
Infinito
-472631012
-195647257
-15315949
Infinito
381836846
207215808
-235219285
Infinito
285079987
-872509861
Infinito
Infinito
Infinito
-48243878
Infinito
Infinito
-847566146
Infinito
-163529059
Infinito
-989445306
27874902
112049470
466015477
Infinito
Infinito
Infinito
-18260062
Infinito
791815081
Infinito
Infinito
-341458679
Infinito
Infinito
-976034431
Infinito
Infinito
Infinito
941393686
Infinito
508806547
Infinito
Infinito
-176165812
-863136370
791712914
Infinito
Infinito
Infinito
Infinito
Infinito
Infinito
328595670
Infinito
71897457
-329492561
Infinito
-71261146
Infinito
-570398714
-682873860
Infinito
97737769
-594152130
-485050270
Infinito
Infinito
-122188580
146568711
Infinito
896726186
Infinito
-123715814
-746055624
Infinito
295623240
Infinito
Infinito
Infinito
Infinito
Infinito
-472156576
Infinito
Infinito
271497878
-438188252
Infinito
-84867338
-36251497
170491883
Infinito
-109959690
992113811
Infinito
-987215672
-546730304
-165483350
-34395591
Infinito
Infinito
-652454687
Infinito
363239047
Infinito
Infinito
Infinito
Infinito
Infinito
Infinito
Infinito
240970694
194879788
Infinito
Infinito
Infinito
Infinito
255309322
Infinito
Infinito
Infinito
Infinito
504272125
Infinito
-335835987
Infinito
Infinito
147760913
Infinito
Infinito
Infinito
949570511
Infinito
609550758
122980223
-104373535
Infinito
-482176090
Infinito
454659394
-687259616
-76193358
-49969117
Infinito
Infinito
Infinito
28218744
Infinito
Infinito
Infinito
Infinito
365901149
1861275
-833916415
-777646823
-420157670
Infinito
Infinito
-543042516
Infinito
262733688
Infinito
Infinito
436349056
-914431895
Infinito
Infinito
Infinito
Infinito
-620057513
Infinito
120604915
753692341
-822074224
-809338781
-885616317
Infinito
39937765
632986073
Infinito
Infinito
-607925612
Infinito
Infinito
Infinito
Infinito
Infinito
Infinito
-498052192
Infinito
282682839
851997384
Infinito
Infinito
Infinito
-533478017
-521989798
Infinito
Infinito
465471486
Infinito
Infinito
Infinito
Infinito
898202974
Infinito
168363428
Infinito
99347216
Infinito
Infinito
375458151
-178682866
-832768737
Infinito
Infinito
Infinito
-62856486
156279369
-380547626
609638303
898448599
727019085
Infinito
Infinito
Infinito
203435973
252104724
383729209
137073797
Infinito
-286960047
Infinito
Infinito
25629070
-932981900
935949961
-103490258
57876581
389214780
-459950278
Infinito
Infinito
Infinito
500828094
-483721084
Infinito
Infinito
455953849
141924195
Infinito
Infinito
-491328356
540366605
Infinito
-110757443
Infinito
Infinito
340814447
Infinito
540426064
Infinito
489106529
-532632635
311530713
123538578
-317087315
573172463
316225114
Infinito
Infinito
-748637884
Infinito
-766492564
-837190845
Infinito
Infinito
-321346322
Infinito
Infinito
Infinito
Infinito
51305837
-208398785
160634904
204516157
645620341
-382252452
-805212426
465140055
Infinito
55142589
890951048
Infinito
Infinito
247988725
-483920509
Infinito
Infinito
-394554164
Infinito
683650600
Infinito
863007421
Infinito
19551820
Infinito
Infinito
Infinito
-582762446
Infinito
942454043
349132548
295338817
491499882
Infinito
599300500
Infinito
Infinito
Infinito
Infinito
Infinito
19843690
919970027
Infinito
-595997529
96930731
Infinito
114278197
Infinito
Infinito
Infinito
Infinito
-266439632
162497336
-764654945
Infinito
Infinito
-338168651
-561520297
-109461632
Infinito
-554039384
Infinito
-162972981
689125765
Infinito
927247575
Infinito
Infinito
Infinito
-912910131
217514845
270039976
Infinito
Infinito
719886093
Infinito
-158257761
Infinito
Infinito
Infinito
-265632182
Infinito
Infinito
Infinito
Infinito
Infinito
Infinito
Infinito
Infinito
Infinito
176650475
184545823
263710079
-339320937
Infinito
Infinito
Infinito
Infinito
Infinito
691376167
Infinito
Infinito
-59330257
629712134
Infinito
-532858067
Infinito
-360831806
Infinito
Infinito
Infinito
-273069609
-884966034
Infinito
Infinito
255004278
Infinito
988381123
Infinito
Infinito
-710295080
-947612914
Infinito
Infinito
Infinito
Infinito
9975535
Infinito
110745327
573276958
-950689423
Infinito
Infinito
Infinito
Infinito
Infinito
125475679
Infinito
-3736737
492695423
Infinito
347111223
707073536
Infinito
-44826720
Infinito
Infinito
Infinito
-817933265
Infinito
477536604
Infinito
Infinito
Infinito
267314778
Infinito
Infinito
-524037080
370462771
-544178925
50110361
649616045
Infinito
Infinito
287466725
679687134
Infinito
Infinito
121117948
522064619
Infinito
Infinito
-911332742
-166693527
43525680
872355144
-628863124
-148896445
-296938683
Infinito
Infinito
877104148
735661380
Infinito
Infinito
Infinito
677488535
Infinito
-320183191
651467909
Infinito
Infinito
125626526
Infinito
919072543
212819129
-377132896
-108899871
Infinito
-883712113
-776622623
54430917
Infinito
994201399
148516605
Infinito
Infinito
Infinito
Infinito
518454996
-10661037
Infinito
Infinito
Infinito
-160022670
Infinito
Infinito
Infinito
-365760968
Infinito
Infinito
825313585
Infinito
Infinito
Infinito
Infinito
-249600501
-372540579
971869926
Infinito
Infinito
Infinito
-188916135
27501823
Infinito
507368225
-806011612
Infinito
459539095
Infinito
-88272280
Infinito
-709623589
Infinito
Infinito
-325500236
Infinito
37525966
Infinito
Infinito
208339104
Infinito
892829956
-351399786
Infinito
-33575695
363468145
-151707716
54385401
Infinito
454225702
171871808
125927063
Infinito
Infinito
325898347
-25295587
57448201
157801670
Infinito
Infinito
Infinito
116353872
Infinito
Infinito
-155533412
Infinito
-136978559
Infinito
Infinito
Infinito
-226281653
Infinito
548907754
-202612
Infinito
Infinito
-189184891
734977530
Infinito
Infinito
Infinito
-834162909
776610919
Infinito
Infinito
Infinito
Infinito
Infinito
Infinito
Infinito
Infinito
-510998315
654917497
-886222947
459839504
Infinito
Infinito
Infinito
-735506040
Infinito
-294733706
Infinito
Infinito
704618424
Infinito
Infinito
422192231
-824850166
Infinito
481905708
Infinito
Infinito
290340336
701655171
Infinito
434300244
-336590633
-125360561
Infinito
Infinito
-543394521
160705873
998403619
-951794745
Infinito
-103225079
29304960
-524074059
664144008
-332616718
Infinito
Infinito
-556773057
503104800
Infinito
Infinito
Infinito
Infinito
Infinito
553913362
-671049711
Infinito
Infinito
-217292180
Infinito
-333413374
Infinito
Infinito
234132495
138574921
464733620
Infinito
Infinito
864417174
939463466
428705913
-834365791
211019007
109468224
Infinito
Infinito
-926273279
Infinito
-468487739
650350802
-324088096
Infinito
Infinito
Infinito
Infinito
803365640
Infinito
Infinito
Infinito
Infinito
Infinito
-169791674
486779655
-433671622
-361926258
Infinito
Infinito
Infinito
Infinito
208232012
Infinito
Infinito
-24307094
475042742
Infinito
-753196929
-375296159
-373559454
Infinito
Infinito
-155911283
971245862
-81298795
63844071
Infinito
428910204
Infinito
672100298
-439581481
Infinito
295256808
-430867793
Infinito
Infinito
251733420
Infinito
Infinito
Infinito
Infinito
861843089
Infinito
Infinito
Infinito
Infinito
-46614218
-531062420
764500837
Infinito
Infinito
Infinito
177847108
Infinito
Infinito
-385338423
Infinito
Infinito
7728840
92365198
Infinito
Infinito
Infinito
-438898770
Infinito
Infinito
Infinito
Infinito
-58181566
653479227
847673078
Infinito
Infinito
28440572
-172053661
Infinito
330634473
399735495
320065381
-762595528
Infinito
601259851
Infinito
Infinito
-939458612
-23861022
Infinito
27618507
Infinito
Infinito
465348990
-904263421
Infinito
Infinito
-187214951
Infinito
-104887230
Infinito
Infinito
-676633198
328547967
-815273738
Infinito
Infinito
Infinito
Infinito
249491996
Infinito
Infinito
133201774
131873084
278205915
807036958
96237519
652127140
Infinito
133759258
-977783273
621599229
Infinito
-278675128
-985644743
Infinito
504017794
Infinito
136315613
Infinito
Infinito
Infinito
-497386446
Infinito
Infinito
Infinito
767984785
Infinito
197384413
Infinito
-261491367
83053821
306189053
Infinito
776140776
73933689
-743498964
Infinito
401902732
Infinito
Infinito
Infinito
419291346
11942222
Infinito
297859969
387663378
Infinito
-904468254
-201700557
Infinito
Infinito
Infinito
880483851
-302497256
160681846
-162829560
425936915
342926945
45901337
Infinito
Infinito
Infinito
-412690192
-105992312
Infinito
Infinito
-90070323
-354509274
-398489430
686204505
962937085
-862279482
Infinito
Infinito
Infinito
-357668698
Infinito
230642393
-515357071
Infinito
247423795
-144374114
-394442726
Infinito
-508396485
Infinito
247168946
Infinito
Infinito
-326064906
Infinito
Infinito
-332106539
-410990097
-439547599
Infinito
-7353684
4351807
262853963
Infinito
Infinito
Infinito
Infinito
341955991
815373408
641046540
-198432833
-523898169
Infinito
Infinito
449924891
Infinito
Infinito
28977336
-58872754
-106431434
-250760696
Infinito
Infinito
-460225285
549669496
750101864
Infinito
Infinito
Infinito
Infinito
Infinito
-352520705
888350310
Infinito
Infinito
-424109700
-822662082
-460327478
Infinito
Infinito
737317322
Infinito
309626911
Infinito
-343092657
-65539028
Infinito
153996193
Infinito
Infinito
Infinito
-907418073
Infinito
-190941801
Infinito
Infinito
-800710294
-328662102
792392467
Infinito
-329463879
-195732931
16681012
-273525065
Infinito
Infinito
Infinito
559103246
Infinito
Infinito
Infinito
83532617
758035751
106138350
199795543
-68970336
Infinito
14094387
Infinito
125705639
-324910842
Infinito
-972422919
810832396
Infinito
-292804194
78670550
775346618
-224573092
Infinito
Infinito
Infinito
Infinito
Infinito
-586901494
-208261528
Infinito
Infinito
Infinito
Infinito
-112450300
Infinito
643950461
Infinito
943824795
Infinito
Infinito
-851344747
-93845163
781984220
Infinito
459373927
Infinito
Infinito
Infinito
Infinito
Infinito
Infinito
-999725630
Infinito
Infinito
Infinito
79464402
-138070951
Infinito
Infinito
298183519
Infinito
-159723532
-628281229
Infinito
Infinito
Infinito
546583708
Infinito
-415735053
Infinito
Infinito
-583295210
Infinito
512923433
-405434282
684784626
-175381481
359962884
Infinito
-75883913
Infinito
Infinito
337533382
-806291347
Infinito
346954610
171761081
-520527117
Infinito
Infinito
Infinito
Infinito
-445291156
-404625122
62133844
-945791656
Infinito
-468479450
12908647
125846866
-670548656
119526408
Infinito
-86284867
Infinito
Infinito
Infinito
Infinito
Infinito
Infinito
33276845
435665730
295079663
Infinito
-769536621
Infinito
Infinito
672925144
-385617399
Infinito
Infinito
-285363830
Infinito
Infinito
Infinito
919234395
Infinito
Infinito
377461086
-864148103
Infinito
-335149250
746877452
20215440
Infinito
Infinito
Infinito
Infinito
Infinito
-61585858
-869287300
Infinito
Infinito
Infinito
Infinito
Infinito
-245359199
47249437
-248202403
Infinito
Infinito
Infinito
-72738583
Infinito
-268034805
Infinito
641504516
-54643501
114313852
174888278
-384912370
-368678348
-777002836
-694025860
Infinito
Infinito
Infinito
Infinito
580325932
341174239
27936180
324661122
Infinito
-758321729
Infinito
Infinito
374613337
821733879
Infinito
Infinito
Infinito
-582458947
Infinito
Infinito
489169789
Infinito
Infinito
Infinito
-300913032
-772769202
Infinito
107940787
-716859312
95610875
910637154
Infinito
Infinito
Infinito
991649055
Infinito
Infinito
Infinito
Infinito
Infinito
Infinito
-73635969
Infinito
Infinito
Infinito
Infinito
Infinito
-15978030
Infinito
-348117329
-302536356
-945832507
Infinito
Infinito
Infinito
Infinito
146373350
Infinito
Infinito
-60998942
443632029
Infinito
470890056
Infinito
304345017
Infinito
-367288198
-520747685
Infinito
-5979322
Infinito
Infinito
952893349
-527684999
240358355
Infinito
116642580
-226068903
Infinito
Infinito
Infinito
-435729981
Infinito
436761483
Infinito
Infinito
92841269
Infinito
Infinito
Infinito
42359887
849571313
-152428551
Infinito
366799361
Infinito
Infinito
-376051950
-437765683
570041412
Infinito
718913607
-487216257
Infinito
749798256
Infinito
-892048665
-504706853
-381069247
-469041638
791342562
-54238610
Infinito
110674782
-307242583
Infinito
Infinito
Infinito
Infinito
Infinito
-110376029
331296939
Infinito
177413952
391300882
593832094
Infinito
Infinito
Infinito
Infinito
-674658092
Infinito
Infinito
Infinito
Infinito
Infinito
940928116
158368173
624035384
Infinito
-633292857
-556229034
139767844
-261000745
-56017476
Infinito
-141033283
241265782
524480188
Infinito
Infinito
Infinito
507605809
-393470104
Infinito
Infinito
-472459466
-650902746
401055231
Infinito
Infinito
Infinito
Infinito
-120376805
817788650
426825915
40296560
-183631495
-521750867
154367310
Infinito
Infinito
Infinito
Infinito
Infinito
265408912
Infinito
Infinito
455278804
106727216
-657005322
-175667540
Infinito
-859759127
Infinito
Infinito
905469525
Infinito
-34857066
Infinito
370267239
Infinito
-259910911
Infinito
-3356469
732950191
926094794
-381821813
Infinito
-128087153
92702207
-884773901
-139811120
Infinito
Infinito
-72172220
-295755717
Infinito
Infinito
409319860
388752878
Infinito
Infinito
380873385
Infinito
524572611
Infinito
-637578347
Infinito
-598088232
-191316011
Infinito
Infinito
258715446
Infinito
Infinito
Infinito
834016138
Infinito
Infinito
Infinito
-881244543
Infinito
486623321
Infinito
-792092740
612143974
Infinito
-389167196
Infinito
-519654329
Infinito
-584851454
Infinito
Infinito
Infinito
264381487
618099798
-144728780
461010368
Infinito
-317398174
-813688915
Infinito
72470014
Infinito
Infinito
917647255
-346980195
Infinito
-732456043
Infinito
Infinito
-308271525
183872038
Infinito
-167610577
87353046
Infinito
Infinito
627298934
932625967
Infinito
894272140
248288981
Infinito
Infinito
Infinito
Infinito
Infinito
Infinito
Infinito
Infinito
-290728857
958577073
-40540796
-772070612
Infinito
Infinito
Infinito
576857363
Infinito
Infinito
Infinito
Infinito
Infinito
-569243150
-669557917
226252143
682371211
510521802
Infinito
Infinito
-342242451
159539398
Infinito
752224518
Infinito
Infinito
Infinito
-884364751
-385434856
Infinito
255408124
Infinito
Infinito
225486410
Infinito
-57508061
Infinito
Infinito
-53569836
Infinito
Infinito
-212079404
-197724283
-636287044
-361033616
Infinito
Infinito
Infinito
-605516216
Infinito
-333973371
364605627
Infinito
-241229838
Infinito
Infinito
-28608946
-996506177
Infinito
390774158
Infinito
44389906
Infinito
Infinito
Infinito
Infinito
-917155699
Infinito
31927937
-45620091
Infinito
919771902
-625475502
Infinito
-452808838
Infinito
Infinito
Infinito
Infinito
Infinito
-359523024
Infinito
Infinito
-876854798
Infinito
-143558185
Infinito
Infinito
-764408440
Infinito
Infinito
Infinito
103501499
Infinito
Infinito
Infinito
661777322
23905021
-338152600
212656526
Infinito
-394302515
631610662
Infinito
-472168584
Infinito
Infinito
Infinito
Infinito
-219412650
Infinito
-269392408
681647778
212041227
Infinito
-358806837
Infinito
Infinito
Infinito
Infinito
136866204
Infinito
Infinito
Infinito
240697328
Infinito
Infinito
-82414242
Infinito
Infinito
Infinito
Infinito
240579159
247243600
719826381
Infinito
2725914
-412992009
Infinito
Infinito
821310336
Infinito
193001242
-428642870
Infinito
-581098512
-184003175
-41379388
-374674644
Infinito
751644568
534438597
Infinito
-223540031
Infinito
Infinito
Infinito
Infinito
Infinito
193192446
690119270
Infinito
Infinito
Infinito
Infinito
Infinito
-520401667
330600071
577887601
193991360
Infinito
-285909408
267982225
538725458
Infinito
Infinito
312852952
Infinito
149743420
187317505
-734669499
Infinito
-158538997
511129
Infinito
Infinito
464950958
Infinito
Infinito
Infinito
Infinito
638951845
Infinito
-950437837
Infinito
Infinito
Infinito
448789406
973426272
Infinito
Infinito
Infinito
Infinito
Infinito
-305519951
Infinito
525625316
-530753071
-375142542
Infinito
-557740810
Infinito
-734809203
Infinito
Infinito
Infinito
175876019
368458806
Infinito
-251692557
576372003
Infinito
Infinito
Infinito
-361081587
Infinito
-653397795
Infinito
898630284
-114851847
Infinito
205971134
Infinito
Infinito
Infinito
Infinito
Infinito
981569132
693094031
28236787
Infinito
Infinito
-322009971
282236856
Infinito
Infinito
255618514
-214490542
434348102
Infinito
382384096
Infinito
Infinito
-184700501
-925310412
934701902
Infinito
689318492
293700735
-315585360
Infinito
-77178244
-60563692
62090106
Infinito
Infinito
-517064146
Infinito
-82201249
-260576702
402333690
-39633516
619563285
Infinito
29685694
Infinito
Infinito
-411619712
Infinito
Infinito
350952245
-541654287
Infinito
Infinito
Infinito
660172355
Infinito
Infinito
-280004623
260510769
-728529608
Infinito
Infinito
Infinito
-659685506
801878361
Infinito
Infinito
250415170
Infinito
Infinito
Infinito
-288552400
Infinito
Infinito
150333680
263719917
-281087366
Infinito
Infinito
Infinito
Infinito
Infinito
Infinito
Infinito
Infinito
Infinito
307974874
Infinito
450451991
Infinito
923890827
804191610
-76294095
Infinito
Infinito
-55174811
Infinito
144038476
803125992
-946284835
-340280497
-350970772
-343225623
Infinito
-607646489
Infinito
-441421872
-984619639
Infinito
Infinito
-771142272
Infinito
Infinito
Infinito
Infinito
666338155
-32806946
Infinito
13549393
Infinito
Infinito
-14727324
334101935
86930883
-760132244
Infinito
-794068722
-898558808
Infinito
Infinito
206220953
-758439883
Infinito
-682270668
Infinito
-35657658
Infinito
742853095
Infinito
-747166883
Infinito
121959087
Infinito
890509549
Infinito
Infinito
339842912
Infinito
-2871698
65018441
Infinito
Infinito
-376936340
Infinito
Infinito
Infinito
Infinito
Infinito
484210603
204728629
Infinito
Infinito
Infinito
Infinito
746140536
Infinito
662795952
-1528971
Infinito
-915991990
238093442
-788519499
Infinito
-418906752
713127606
Infinito
-95653924
Infinito
Infinito
-463278060
-214231315
Infinito
-134267592
-33131636
464082132
Infinito
-510928001
-278637406
132630732
12216187
Infinito
-538828025
Infinito
Infinito
-302473418
-633579133
855767901
-597771020
-310527542
Infinito
-153839083
-596831845
Infinito
399876071
Infinito
Infinito
Infinito
490533744
Infinito
Infinito
Infinito
231109696
531946445
Infinito
Infinito
Infinito
-870766364
899769821
429140662
Infinito
Infinito
Infinito
228185155
Infinito
Infinito
826169122
-35864214
Infinito
Infinito
Infinito
Infinito
Infinito
Infinito
Infinito
-56693384
357152484
-469732937
55491812
617106647
Infinito
Infinito
-124555651
407619245
97298194
Infinito
-554940555
-98917672
624443122
65557077
Infinito
-788847410
-865905552
418447024
-428558160
-277480814
Infinito
Infinito
545190029
272746059
107155746
Infinito
Infinito
-685492859
Infinito
621295282
Infinito
Infinito
Infinito
131744185
Infinito
-466380988
Infinito
769103291
Infinito
-4656063
Infinito
-7257759
807791347
98783618
-446582854
Infinito
455683516
Infinito
787047290
950081287
Infinito
Infinito
-149014805
-73032018
-224221179
Infinito
272942647
-997748886
Infinito
Infinito
Infinito
Infinito
Infinito
Infinito
-216488101
13725076
Infinito
Infinito
Infinito
Infinito
531369662
-943898890
Infinito
648833978
Infinito
-181649851
685394550
73157260
260099354
Infinito
-560087469
-45009450
326017489
-713262101
805676328
Infinito
-254129224
86196783
6790861
Infinito
Infinito
989360485
Infinito
380137597
-474300979
897292370
-568632424
Infinito
Infinito
Infinito
910094736
-148102495
-422967760
Infinito
81243995
63723625
Infinito
-551571149
Infinito
-100699602
Infinito
201586283
Infinito
Infinito
-558961096
-50476999
-389487846
686470375
Infinito
365442029
5908486
-649883772
76720007
Infinito
Infinito
Infinito
620421483
Infinito
-504345436
-140002087
-792768499
Infinito
716696828
Infinito
-282485449
-704782029
-30986216
-673604895
238574509
Infinito
219745838
Infinito
Infinito
394860779
-507596231
Infinito
395303348
170031296
-478326985
Infinito
185694514
Infinito
191642015
Infinito
459981109
-313474978
713430441
121292818
255175631
-984355805
Infinito
Infinito
258639462
Infinito
741029580
Infinito
Infinito
Infinito
Infinito
568885239
Infinito
Infinito
-759574887
18274248
153582262
Infinito
Infinito
Infinito
Infinito
Infinito
Infinito
Infinito
185878829
237397095
249613906
Infinito
Infinito
-707905705
Infinito
622355459
-752543382
Infinito
Infinito
-567758289
239629297
Infinito
525795457
Infinito
Infinito
Infinito
167707133
Infinito
875335915
28029377
Infinito
26759621
Infinito
-547537684
-318856105
Infinito
Infinito
Infinito
Infinito
-480404165
Infinito
Infinito
514783642
-671887673
117301765
848460269
Infinito
Infinito
Infinito
-718451743
96276194
175830157
Infinito
Infinito
155440806
979368148
Infinito
-118818069
920857674
Infinito
Infinito
Infinito
Infinito
Infinito
Infinito
-489343213
934164536
Infinito
-255826610
-71253487
Infinito
-560044742
26414924
58035140
-518568490
Infinito
508051546
Infinito
Infinito
Infinito
Infinito
-10587804
-942866659
182212960
-282587620
199214964
Infinito
471992843
-904932966
Infinito
754429562
Infinito
-965665332
Infinito
Infinito
-646938268
Infinito
Infinito
Infinito
Infinito
-31133965
Infinito
224179533
Infinito
805871583
751435041
Infinito
671803036
Infinito
Infinito
37763353
-958819147
Infinito
329533444
-490710208
Infinito
-93733165
Infinito
Infinito
-283614877
207110148
389653059
Infinito
Infinito
Infinito
Infinito
Infinito
771616809
Infinito
492157618
487736446
Infinito
-577437772
687085273
594113243
986503113
Infinito
Infinito
Infinito
Infinito
Infinito
Infinito
786237477
-231700665
Infinito
149072448
Infinito
Infinito
Infinito
21423195
411004898
666722841
161749632
385421497
731633885
Infinito
483749745
Infinito
Infinito
-177940645
Infinito
947933928
557664988
Infinito
Infinito
479666245
-635929392
Infinito
944720578
376389449
Infinito
140052852
31040725
-315233145
Infinito
938827646
Infinito
Infinito
Infinito
206974414
667146472
-223261810
Infinito
-769435791
Infinito
603400982
339433252
15691137
687266332
-15469208
Infinito
-7704607
Infinito
Infinito
535981210
Infinito
-841614542
-457045890
Infinito
224382230
Infinito
680579686
Infinito
-998107975
735366003
-466654693
Infinito
785987210
573739686
272229165
Infinito
Infinito
Infinito
229832454
Infinito
Infinito
Infinito
Infinito
Infinito
-22145533
-664305243
Infinito
Infinito
-510626425
Infinito
Infinito
Infinito
Infinito
-654605722
Infinito
Infinito
-871406208
Infinito
983043024
Infinito
464208387
-677356464
Infinito
Infinito
-391266754
Infinito
Infinito
Infinito
Infinito
-722453819
741978232
Infinito
166118345
Infinito
Infinito
Infinito
-89813611
Infinito
Infinito
Infinito
-554539346
Infinito
Infinito
-521469232
9378046
521793845
541733035
Infinito
662051534
Infinito
Infinito
326430359
Infinito
-241414876
-695057056
Infinito
Infinito
801355755
Infinito
Infinito
-942842567
Infinito
-643827676
Infinito
597926380
Infinito
-361578445
60483824
Infinito
Infinito
5615623
Infinito
Infinito
Infinito
Infinito
Infinito
654453051
251749442
Infinito
-117460326
Infinito
229563347
-760406499
706463069
850982891
Infinito
-205733942
Infinito
Infinito
Infinito
Infinito
Infinito
Infinito
Infinito
691935593
-837400113
295524250
Infinito
Infinito
Infinito
-855862984
695441804
Infinito
-867441581
Infinito
-350392316
949967712
579337132
Infinito
Infinito
930247097
Infinito
67501262
-711702833
654204469
765645455
Infinito
Infinito
621394691
861441777
-592684208
Infinito
524869108
Infinito
Infinito
Infinito
Infinito
702452629
900833820
Infinito
-455649590
Infinito
383199410
Infinito
Infinito
258375206
648534513
920378
Infinito
Infinito
Infinito
Infinito
33843312
205860129
-582620439
-515188386
Infinito
