-3187817535
184532235701013621
3470106782
-2538638506
-11279839332108025224
-3448289287
-14061472518
-58521429871375355973
5447978517
-3628255014
2141844293
-69953587134839898152
-10360377483
1549430545
76862235471644073276
7341529747
7820796897
6115819557504985846
-3874042007
6975870749
18082051914227982750
634654952
-35840610127010035946
-4718888534544954987
14503307447
4125398072
3787428839334460776
-15597101269
-4040405992172761280
-286463456
8044049537
13136676531
-34498200159489169411
-77384662404456978036
-6150403482
-5259878604264632726
15014629257
1970140968
15782323489
85197891486044723927
4618636341
-2433394223
-270218912
6662495336
-2243499702
-14419527068
-1085200239
-1905900784
-2664199801
-8718271042798370466
8239376746923406740
165915978526406416
22069170312076402096
8933819984
-13656102331
8794845946
27282064593332623177
5343310865
-32257869202052677970
2352750995
4859549450
-1726869503011056562
-10579859755
-3292088199
-5337399904
3016901863413705134
13939331980
-7370079592
7937164496
-9684579129657542980
-75611871843307198189
-7488593731
-13608931656549290546
7669481621
8922638864
1534704483779335440
3682168460229404560
57781561922516621874
18412932534431050422
-2952797826
11807540501137685560
-41796865764673806336
-15792308651
1571574411
14784070287
5691395176
-14693811542
-5615764860
34304466695297733000
10975207976064815172
11024599954152446532
11857896853
13980158437
-6046398800223619400
1436964888
-987983714
-1113142782
13413813596298652382
-9278489860
-9545915073
